"D:\Program Files\Java\jdk1.8.0_121\bin\java.exe" -agentlib:jdwp=transport=dt_socket,address=127.0.0.1:57119,suspend=y,server=n -javaagent:C:\Users\yl\AppData\Local\JetBrains\IntelliJIdea2021.1\captureAgent\debugger-agent.jar -Dfile.encoding=UTF-8 -classpath "D:\Program Files\Java\jdk1.8.0_121\jre\lib\charsets.jar;D:\Program Files\Java\jdk1.8.0_121\jre\lib\deploy.jar;D:\Program Files\Java\jdk1.8.0_121\jre\lib\ext\access-bridge-64.jar;D:\Program Files\Java\jdk1.8.0_121\jre\lib\ext\cldrdata.jar;D:\Program Files\Java\jdk1.8.0_121\jre\lib\ext\dnsns.jar;D:\Program Files\Java\jdk1.8.0_121\jre\lib\ext\jaccess.jar;D:\Program Files\Java\jdk1.8.0_121\jre\lib\ext\jfxrt.jar;D:\Program Files\Java\jdk1.8.0_121\jre\lib\ext\localedata.jar;D:\Program Files\Java\jdk1.8.0_121\jre\lib\ext\nashorn.jar;D:\Program Files\Java\jdk1.8.0_121\jre\lib\ext\sunec.jar;D:\Program Files\Java\jdk1.8.0_121\jre\lib\ext\sunjce_provider.jar;D:\Program Files\Java\jdk1.8.0_121\jre\lib\ext\sunmscapi.jar;D:\Program Files\Java\jdk1.8.0_121\jre\lib\ext\sunpkcs11.jar;D:\Program Files\Java\jdk1.8.0_121\jre\lib\ext\zipfs.jar;D:\Program Files\Java\jdk1.8.0_121\jre\lib\javaws.jar;D:\Program Files\Java\jdk1.8.0_121\jre\lib\jce.jar;D:\Program Files\Java\jdk1.8.0_121\jre\lib\jfr.jar;D:\Program Files\Java\jdk1.8.0_121\jre\lib\jfxswt.jar;D:\Program Files\Java\jdk1.8.0_121\jre\lib\jsse.jar;D:\Program Files\Java\jdk1.8.0_121\jre\lib\management-agent.jar;D:\Program Files\Java\jdk1.8.0_121\jre\lib\plugin.jar;D:\Program Files\Java\jdk1.8.0_121\jre\lib\resources.jar;D:\Program Files\Java\jdk1.8.0_121\jre\lib\rt.jar;E:\idea_workspace\akka\learn_akka\I_STM\target\classes;C:\Users\yl\.m2\repository\com\typesafe\akka\akka-actor-typed_2.11\2.5.17\akka-actor-typed_2.11-2.5.17.jar;C:\Users\yl\.m2\repository\org\scala-lang\scala-library\2.11.12\scala-library-2.11.12.jar;C:\Users\yl\.m2\repository\com\typesafe\akka\akka-actor_2.11\2.5.17\akka-actor_2.11-2.5.17.jar;C:\Users\yl\.m2\repository\com\typesafe\config\1.3.3\config-1.3.3.jar;C:\Users\yl\.m2\repository\org\scala-lang\modules\scala-java8-compat_2.11\0.7.0\scala-java8-compat_2.11-0.7.0.jar;C:\Users\yl\.m2\repository\ch\qos\logback\logback-classic\1.2.3\logback-classic-1.2.3.jar;C:\Users\yl\.m2\repository\ch\qos\logback\logback-core\1.2.3\logback-core-1.2.3.jar;C:\Users\yl\.m2\repository\org\slf4j\slf4j-api\1.7.25\slf4j-api-1.7.25.jar;C:\Users\yl\.m2\repository\com\typesafe\akka\akka-transactor_2.11\2.3.16\akka-transactor_2.11-2.3.16.jar;C:\Users\yl\.m2\repository\org\scala-stm\scala-stm_2.11\0.7\scala-stm_2.11-0.7.jar;D:\Program Files\JetBrains\IntelliJ IDEA 2021.1\lib\idea_rt.jar" org.example.STMDemo
Connected to the target VM, address: '127.0.0.1:57119', transport: 'socket'
company count:100
employee count:50
==============
company count:99
employee count:51
==============
company count:97
employee count:53
==============
company count:94
employee count:56
==============
company count:90
employee count:60
==============
company count:85
employee count:65
==============
company count:79
employee count:71
==============
company count:72
employee count:78
==============
company count:64
employee count:86
==============
company count:55
employee count:95
==============
company count:45
employee count:105
==============
company count:34
employee count:116
==============
company count:22
employee count:128
==============
company count:9
employee count:141
==============
java.lang.RuntimeException: less than 14
	at org.example.CompanyActor$1.run(CompanyActor.java:27)
	at akka.transactor.Coordinated$$anonfun$atomic$1.apply(Coordinated.scala:157)
	at akka.transactor.Coordinated$$anonfun$atomic$1.apply(Coordinated.scala:157)
	at scala.concurrent.stm.ccstm.CommitBarrierImpl$MemberImpl$$anonfun$atomic$1.apply(CommitBarrierImpl.scala:50)
	at scala.concurrent.stm.ccstm.CommitBarrierImpl$MemberImpl$$anonfun$atomic$1.apply(CommitBarrierImpl.scala:43)
	at scala.concurrent.stm.ccstm.InTxnImpl.runBlock(InTxnImpl.scala:560)
	at scala.concurrent.stm.ccstm.InTxnImpl.topLevelAttempt(InTxnImpl.scala:516)
	at scala.concurrent.stm.ccstm.InTxnImpl.topLevelAtomicImpl(InTxnImpl.scala:387)
	at scala.concurrent.stm.ccstm.InTxnImpl.atomic(InTxnImpl.scala:248)
	at scala.concurrent.stm.ccstm.CCSTMExecutor.apply(CCSTMExecutor.scala:24)
	at scala.concurrent.stm.ccstm.CommitBarrierImpl$MemberImpl.atomic(CommitBarrierImpl.scala:43)
	at akka.transactor.Coordinated.atomic(Coordinated.scala:141)
	at akka.transactor.Coordinated.atomic(Coordinated.scala:157)
	at org.example.CompanyActor.onReceive(CompanyActor.java:23)
	at akka.actor.UntypedActor$$anonfun$receive$1.applyOrElse(UntypedActor.scala:167)
	at akka.actor.Actor$class.aroundReceive$$$capture(Actor.scala:517)
	at akka.actor.Actor$class.aroundReceive(Actor.scala)
	at akka.actor.UntypedActor.aroundReceive(UntypedActor.scala:97)
	at akka.actor.ActorCell.receiveMessage(ActorCell.scala:588)
	at akka.actor.ActorCell.invoke(ActorCell.scala:557)
	at akka.dispatch.Mailbox.processMailbox(Mailbox.scala:258)
	at akka.dispatch.Mailbox.run(Mailbox.scala:225)
	at akka.dispatch.Mailbox.exec(Mailbox.scala:235)
	at akka.dispatch.forkjoin.ForkJoinTask.doExec(ForkJoinTask.java:260)
	at akka.dispatch.forkjoin.ForkJoinPool$WorkQueue.runTask(ForkJoinPool.java:1339)
	at akka.dispatch.forkjoin.ForkJoinPool.runWorker(ForkJoinPool.java:1979)
	at akka.dispatch.forkjoin.ForkJoinWorkerThread.run(ForkJoinWorkerThread.java:107)
akka.transactor.CoordinatedTransactionException: Exception in coordinated atomic
	at akka.transactor.Coordinated.atomic(Coordinated.scala:144)
	at akka.transactor.Coordinated.atomic(Coordinated.scala:157)
	at org.example.EmployeeActor.onReceive(EmployeeActor.java:22)
	at akka.actor.UntypedActor$$anonfun$receive$1.applyOrElse(UntypedActor.scala:167)
	at akka.actor.Actor$class.aroundReceive$$$capture(Actor.scala:517)
	at akka.actor.Actor$class.aroundReceive(Actor.scala)
	at akka.actor.UntypedActor.aroundReceive(UntypedActor.scala:97)
	at akka.actor.ActorCell.receiveMessage(ActorCell.scala:588)
	at akka.actor.ActorCell.invoke(ActorCell.scala:557)
	at akka.dispatch.Mailbox.processMailbox(Mailbox.scala:258)
	at akka.dispatch.Mailbox.run(Mailbox.scala:225)
	at akka.dispatch.Mailbox.exec(Mailbox.scala:235)
	at akka.dispatch.forkjoin.ForkJoinTask.doExec(ForkJoinTask.java:260)
	at akka.dispatch.forkjoin.ForkJoinPool$WorkQueue.runTask(ForkJoinPool.java:1339)
	at akka.dispatch.forkjoin.ForkJoinPool.runWorker(ForkJoinPool.java:1979)
	at akka.dispatch.forkjoin.ForkJoinWorkerThread.run(ForkJoinWorkerThread.java:107)
Caused by: java.lang.RuntimeException: less than 14
	at org.example.CompanyActor$1.run(CompanyActor.java:27)
	at akka.transactor.Coordinated$$anonfun$atomic$1.apply(Coordinated.scala:157)
	at akka.transactor.Coordinated$$anonfun$atomic$1.apply(Coordinated.scala:157)
	at scala.concurrent.stm.ccstm.CommitBarrierImpl$MemberImpl$$anonfun$atomic$1.apply(CommitBarrierImpl.scala:50)
	at scala.concurrent.stm.ccstm.CommitBarrierImpl$MemberImpl$$anonfun$atomic$1.apply(CommitBarrierImpl.scala:43)
	at scala.concurrent.stm.ccstm.InTxnImpl.runBlock(InTxnImpl.scala:560)
	at scala.concurrent.stm.ccstm.InTxnImpl.topLevelAttempt(InTxnImpl.scala:516)
	at scala.concurrent.stm.ccstm.InTxnImpl.topLevelAtomicImpl(InTxnImpl.scala:387)
	at scala.concurrent.stm.ccstm.InTxnImpl.atomic(InTxnImpl.scala:248)
	at scala.concurrent.stm.ccstm.CCSTMExecutor.apply(CCSTMExecutor.scala:24)
	at scala.concurrent.stm.ccstm.CommitBarrierImpl$MemberImpl.atomic(CommitBarrierImpl.scala:43)
	at akka.transactor.Coordinated.atomic(Coordinated.scala:141)
	at akka.transactor.Coordinated.atomic(Coordinated.scala:157)
	at org.example.CompanyActor.onReceive(CompanyActor.java:23)
	... 13 more
company count:9
employee count:141
==============
java.lang.RuntimeException: less than 15
	at org.example.CompanyActor$1.run(CompanyActor.java:27)
	at akka.transactor.Coordinated$$anonfun$atomic$1.apply(Coordinated.scala:157)
	at akka.transactor.Coordinated$$anonfun$atomic$1.apply(Coordinated.scala:157)
	at scala.concurrent.stm.ccstm.CommitBarrierImpl$MemberImpl$$anonfun$atomic$1.apply(CommitBarrierImpl.scala:50)
	at scala.concurrent.stm.ccstm.CommitBarrierImpl$MemberImpl$$anonfun$atomic$1.apply(CommitBarrierImpl.scala:43)
	at scala.concurrent.stm.ccstm.InTxnImpl.runBlock(InTxnImpl.scala:560)
	at scala.concurrent.stm.ccstm.InTxnImpl.topLevelAttempt(InTxnImpl.scala:516)
	at scala.concurrent.stm.ccstm.InTxnImpl.topLevelAtomicImpl(InTxnImpl.scala:387)
	at scala.concurrent.stm.ccstm.InTxnImpl.atomic(InTxnImpl.scala:248)
	at scala.concurrent.stm.ccstm.CCSTMExecutor.apply(CCSTMExecutor.scala:24)
	at scala.concurrent.stm.ccstm.CommitBarrierImpl$MemberImpl.atomic(CommitBarrierImpl.scala:43)
	at akka.transactor.Coordinated.atomic(Coordinated.scala:141)
	at akka.transactor.Coordinated.atomic(Coordinated.scala:157)
	at org.example.CompanyActor.onReceive(CompanyActor.java:23)
	at akka.actor.UntypedActor$$anonfun$receive$1.applyOrElse(UntypedActor.scala:167)
	at akka.actor.Actor$class.aroundReceive$$$capture(Actor.scala:517)
	at akka.actor.Actor$class.aroundReceive(Actor.scala)
	at akka.actor.UntypedActor.aroundReceive(UntypedActor.scala:97)
	at akka.actor.ActorCell.receiveMessage(ActorCell.scala:588)
	at akka.actor.ActorCell.invoke(ActorCell.scala:557)
	at akka.dispatch.Mailbox.processMailbox(Mailbox.scala:258)
	at akka.dispatch.Mailbox.run(Mailbox.scala:225)
	at akka.dispatch.Mailbox.exec(Mailbox.scala:235)
	at akka.dispatch.forkjoin.ForkJoinTask.doExec(ForkJoinTask.java:260)
	at akka.dispatch.forkjoin.ForkJoinPool$WorkQueue.runTask(ForkJoinPool.java:1339)
	at akka.dispatch.forkjoin.ForkJoinPool.runWorker(ForkJoinPool.java:1979)
	at akka.dispatch.forkjoin.ForkJoinWorkerThread.run(ForkJoinWorkerThread.java:107)
akka.transactor.CoordinatedTransactionException: Exception in coordinated atomic
	at akka.transactor.Coordinated.atomic(Coordinated.scala:144)
	at akka.transactor.Coordinated.atomic(Coordinated.scala:157)
	at org.example.EmployeeActor.onReceive(EmployeeActor.java:22)
	at akka.actor.UntypedActor$$anonfun$receive$1.applyOrElse(UntypedActor.scala:167)
	at akka.actor.Actor$class.aroundReceive$$$capture(Actor.scala:517)
	at akka.actor.Actor$class.aroundReceive(Actor.scala)
	at akka.actor.UntypedActor.aroundReceive(UntypedActor.scala:97)
	at akka.actor.ActorCell.receiveMessage(ActorCell.scala:588)
	at akka.actor.ActorCell.invoke(ActorCell.scala:557)
	at akka.dispatch.Mailbox.processMailbox(Mailbox.scala:258)
	at akka.dispatch.Mailbox.run(Mailbox.scala:225)
	at akka.dispatch.Mailbox.exec(Mailbox.scala:235)
	at akka.dispatch.forkjoin.ForkJoinTask.doExec(ForkJoinTask.java:260)
	at akka.dispatch.forkjoin.ForkJoinPool$WorkQueue.runTask(ForkJoinPool.java:1339)
	at akka.dispatch.forkjoin.ForkJoinPool.runWorker(ForkJoinPool.java:1979)
	at akka.dispatch.forkjoin.ForkJoinWorkerThread.run(ForkJoinWorkerThread.java:107)
Caused by: java.lang.RuntimeException: less than 15
	at org.example.CompanyActor$1.run(CompanyActor.java:27)
	at akka.transactor.Coordinated$$anonfun$atomic$1.apply(Coordinated.scala:157)
	at akka.transactor.Coordinated$$anonfun$atomic$1.apply(Coordinated.scala:157)
	at scala.concurrent.stm.ccstm.CommitBarrierImpl$MemberImpl$$anonfun$atomic$1.apply(CommitBarrierImpl.scala:50)
	at scala.concurrent.stm.ccstm.CommitBarrierImpl$MemberImpl$$anonfun$atomic$1.apply(CommitBarrierImpl.scala:43)
	at scala.concurrent.stm.ccstm.InTxnImpl.runBlock(InTxnImpl.scala:560)
	at scala.concurrent.stm.ccstm.InTxnImpl.topLevelAttempt(InTxnImpl.scala:516)
	at scala.concurrent.stm.ccstm.InTxnImpl.topLevelAtomicImpl(InTxnImpl.scala:387)
	at scala.concurrent.stm.ccstm.InTxnImpl.atomic(InTxnImpl.scala:248)
	at scala.concurrent.stm.ccstm.CCSTMExecutor.apply(CCSTMExecutor.scala:24)
	at scala.concurrent.stm.ccstm.CommitBarrierImpl$MemberImpl.atomic(CommitBarrierImpl.scala:43)
	at akka.transactor.Coordinated.atomic(Coordinated.scala:141)
	at akka.transactor.Coordinated.atomic(Coordinated.scala:157)
	at org.example.CompanyActor.onReceive(CompanyActor.java:23)
	... 13 more
company count:9
employee count:141
==============
java.lang.RuntimeException: less than 16
	at org.example.CompanyActor$1.run(CompanyActor.java:27)
	at akka.transactor.Coordinated$$anonfun$atomic$1.apply(Coordinated.scala:157)
	at akka.transactor.Coordinated$$anonfun$atomic$1.apply(Coordinated.scala:157)
	at scala.concurrent.stm.ccstm.CommitBarrierImpl$MemberImpl$$anonfun$atomic$1.apply(CommitBarrierImpl.scala:50)
	at scala.concurrent.stm.ccstm.CommitBarrierImpl$MemberImpl$$anonfun$atomic$1.apply(CommitBarrierImpl.scala:43)
	at scala.concurrent.stm.ccstm.InTxnImpl.runBlock(InTxnImpl.scala:560)
	at scala.concurrent.stm.ccstm.InTxnImpl.topLevelAttempt(InTxnImpl.scala:516)
	at scala.concurrent.stm.ccstm.InTxnImpl.topLevelAtomicImpl(InTxnImpl.scala:387)
	at scala.concurrent.stm.ccstm.InTxnImpl.atomic(InTxnImpl.scala:248)
	at scala.concurrent.stm.ccstm.CCSTMExecutor.apply(CCSTMExecutor.scala:24)
	at scala.concurrent.stm.ccstm.CommitBarrierImpl$MemberImpl.atomic(CommitBarrierImpl.scala:43)
	at akka.transactor.Coordinated.atomic(Coordinated.scala:141)
	at akka.transactor.Coordinated.atomic(Coordinated.scala:157)
	at org.example.CompanyActor.onReceive(CompanyActor.java:23)
	at akka.actor.UntypedActor$$anonfun$receive$1.applyOrElse(UntypedActor.scala:167)
	at akka.actor.Actor$class.aroundReceive$$$capture(Actor.scala:517)
	at akka.actor.Actor$class.aroundReceive(Actor.scala)
	at akka.actor.UntypedActor.aroundReceive(UntypedActor.scala:97)
	at akka.actor.ActorCell.receiveMessage(ActorCell.scala:588)
	at akka.actor.ActorCell.invoke(ActorCell.scala:557)
	at akka.dispatch.Mailbox.processMailbox(Mailbox.scala:258)
	at akka.dispatch.Mailbox.run(Mailbox.scala:225)
	at akka.dispatch.Mailbox.exec(Mailbox.scala:235)
	at akka.dispatch.forkjoin.ForkJoinTask.doExec(ForkJoinTask.java:260)
	at akka.dispatch.forkjoin.ForkJoinPool$WorkQueue.runTask(ForkJoinPool.java:1339)
	at akka.dispatch.forkjoin.ForkJoinPool.runWorker(ForkJoinPool.java:1979)
	at akka.dispatch.forkjoin.ForkJoinWorkerThread.run(ForkJoinWorkerThread.java:107)
akka.transactor.CoordinatedTransactionException: Exception in coordinated atomic
	at akka.transactor.Coordinated.atomic(Coordinated.scala:144)
	at akka.transactor.Coordinated.atomic(Coordinated.scala:157)
	at org.example.EmployeeActor.onReceive(EmployeeActor.java:22)
	at akka.actor.UntypedActor$$anonfun$receive$1.applyOrElse(UntypedActor.scala:167)
	at akka.actor.Actor$class.aroundReceive$$$capture(Actor.scala:517)
	at akka.actor.Actor$class.aroundReceive(Actor.scala)
	at akka.actor.UntypedActor.aroundReceive(UntypedActor.scala:97)
	at akka.actor.ActorCell.receiveMessage(ActorCell.scala:588)
	at akka.actor.ActorCell.invoke(ActorCell.scala:557)
	at akka.dispatch.Mailbox.processMailbox(Mailbox.scala:258)
	at akka.dispatch.Mailbox.run(Mailbox.scala:225)
	at akka.dispatch.Mailbox.exec(Mailbox.scala:235)
	at akka.dispatch.forkjoin.ForkJoinTask.doExec(ForkJoinTask.java:260)
	at akka.dispatch.forkjoin.ForkJoinPool$WorkQueue.runTask(ForkJoinPool.java:1339)
	at akka.dispatch.forkjoin.ForkJoinPool.runWorker(ForkJoinPool.java:1979)
	at akka.dispatch.forkjoin.ForkJoinWorkerThread.run(ForkJoinWorkerThread.java:107)
Caused by: java.lang.RuntimeException: less than 16
	at org.example.CompanyActor$1.run(CompanyActor.java:27)
	at akka.transactor.Coordinated$$anonfun$atomic$1.apply(Coordinated.scala:157)
	at akka.transactor.Coordinated$$anonfun$atomic$1.apply(Coordinated.scala:157)
	at scala.concurrent.stm.ccstm.CommitBarrierImpl$MemberImpl$$anonfun$atomic$1.apply(CommitBarrierImpl.scala:50)
	at scala.concurrent.stm.ccstm.CommitBarrierImpl$MemberImpl$$anonfun$atomic$1.apply(CommitBarrierImpl.scala:43)
	at scala.concurrent.stm.ccstm.InTxnImpl.runBlock(InTxnImpl.scala:560)
	at scala.concurrent.stm.ccstm.InTxnImpl.topLevelAttempt(InTxnImpl.scala:516)
	at scala.concurrent.stm.ccstm.InTxnImpl.topLevelAtomicImpl(InTxnImpl.scala:387)
	at scala.concurrent.stm.ccstm.InTxnImpl.atomic(InTxnImpl.scala:248)
	at scala.concurrent.stm.ccstm.CCSTMExecutor.apply(CCSTMExecutor.scala:24)
	at scala.concurrent.stm.ccstm.CommitBarrierImpl$MemberImpl.atomic(CommitBarrierImpl.scala:43)
	at akka.transactor.Coordinated.atomic(Coordinated.scala:141)
	at akka.transactor.Coordinated.atomic(Coordinated.scala:157)
	at org.example.CompanyActor.onReceive(CompanyActor.java:23)
	... 13 more
company count:9
employee count:141
==============
java.lang.RuntimeException: less than 17
	at org.example.CompanyActor$1.run(CompanyActor.java:27)
	at akka.transactor.Coordinated$$anonfun$atomic$1.apply(Coordinated.scala:157)
	at akka.transactor.Coordinated$$anonfun$atomic$1.apply(Coordinated.scala:157)
	at scala.concurrent.stm.ccstm.CommitBarrierImpl$MemberImpl$$anonfun$atomic$1.apply(CommitBarrierImpl.scala:50)
	at scala.concurrent.stm.ccstm.CommitBarrierImpl$MemberImpl$$anonfun$atomic$1.apply(CommitBarrierImpl.scala:43)
	at scala.concurrent.stm.ccstm.InTxnImpl.runBlock(InTxnImpl.scala:560)
	at scala.concurrent.stm.ccstm.InTxnImpl.topLevelAttempt(InTxnImpl.scala:516)
	at scala.concurrent.stm.ccstm.InTxnImpl.topLevelAtomicImpl(InTxnImpl.scala:387)
	at scala.concurrent.stm.ccstm.InTxnImpl.atomic(InTxnImpl.scala:248)
	at scala.concurrent.stm.ccstm.CCSTMExecutor.apply(CCSTMExecutor.scala:24)
	at scala.concurrent.stm.ccstm.CommitBarrierImpl$MemberImpl.atomic(CommitBarrierImpl.scala:43)
	at akka.transactor.Coordinated.atomic(Coordinated.scala:141)
	at akka.transactor.Coordinated.atomic(Coordinated.scala:157)
	at org.example.CompanyActor.onReceive(CompanyActor.java:23)
	at akka.actor.UntypedActor$$anonfun$receive$1.applyOrElse(UntypedActor.scala:167)
	at akka.actor.Actor$class.aroundReceive$$$capture(Actor.scala:517)
	at akka.actor.Actor$class.aroundReceive(Actor.scala)
	at akka.actor.UntypedActor.aroundReceive(UntypedActor.scala:97)
	at akka.actor.ActorCell.receiveMessage(ActorCell.scala:588)
	at akka.actor.ActorCell.invoke(ActorCell.scala:557)
	at akka.dispatch.Mailbox.processMailbox(Mailbox.scala:258)
	at akka.dispatch.Mailbox.run(Mailbox.scala:225)
	at akka.dispatch.Mailbox.exec(Mailbox.scala:235)
	at akka.dispatch.forkjoin.ForkJoinTask.doExec(ForkJoinTask.java:260)
	at akka.dispatch.forkjoin.ForkJoinPool$WorkQueue.runTask(ForkJoinPool.java:1339)
	at akka.dispatch.forkjoin.ForkJoinPool.runWorker(ForkJoinPool.java:1979)
	at akka.dispatch.forkjoin.ForkJoinWorkerThread.run(ForkJoinWorkerThread.java:107)
akka.transactor.CoordinatedTransactionException: Exception in coordinated atomic
	at akka.transactor.Coordinated.atomic(Coordinated.scala:144)
	at akka.transactor.Coordinated.atomic(Coordinated.scala:157)
	at org.example.EmployeeActor.onReceive(EmployeeActor.java:22)
	at akka.actor.UntypedActor$$anonfun$receive$1.applyOrElse(UntypedActor.scala:167)
	at akka.actor.Actor$class.aroundReceive$$$capture(Actor.scala:517)
	at akka.actor.Actor$class.aroundReceive(Actor.scala)
	at akka.actor.UntypedActor.aroundReceive(UntypedActor.scala:97)
	at akka.actor.ActorCell.receiveMessage(ActorCell.scala:588)
	at akka.actor.ActorCell.invoke(ActorCell.scala:557)
	at akka.dispatch.Mailbox.processMailbox(Mailbox.scala:258)
	at akka.dispatch.Mailbox.run(Mailbox.scala:225)
	at akka.dispatch.Mailbox.exec(Mailbox.scala:235)
	at akka.dispatch.forkjoin.ForkJoinTask.doExec(ForkJoinTask.java:260)
	at akka.dispatch.forkjoin.ForkJoinPool$WorkQueue.runTask(ForkJoinPool.java:1339)
	at akka.dispatch.forkjoin.ForkJoinPool.runWorker(ForkJoinPool.java:1979)
	at akka.dispatch.forkjoin.ForkJoinWorkerThread.run(ForkJoinWorkerThread.java:107)
Caused by: java.lang.RuntimeException: less than 17
	at org.example.CompanyActor$1.run(CompanyActor.java:27)
	at akka.transactor.Coordinated$$anonfun$atomic$1.apply(Coordinated.scala:157)
	at akka.transactor.Coordinated$$anonfun$atomic$1.apply(Coordinated.scala:157)
	at scala.concurrent.stm.ccstm.CommitBarrierImpl$MemberImpl$$anonfun$atomic$1.apply(CommitBarrierImpl.scala:50)
	at scala.concurrent.stm.ccstm.CommitBarrierImpl$MemberImpl$$anonfun$atomic$1.apply(CommitBarrierImpl.scala:43)
	at scala.concurrent.stm.ccstm.InTxnImpl.runBlock(InTxnImpl.scala:560)
	at scala.concurrent.stm.ccstm.InTxnImpl.topLevelAttempt(InTxnImpl.scala:516)
	at scala.concurrent.stm.ccstm.InTxnImpl.topLevelAtomicImpl(InTxnImpl.scala:387)
	at scala.concurrent.stm.ccstm.InTxnImpl.atomic(InTxnImpl.scala:248)
	at scala.concurrent.stm.ccstm.CCSTMExecutor.apply(CCSTMExecutor.scala:24)
	at scala.concurrent.stm.ccstm.CommitBarrierImpl$MemberImpl.atomic(CommitBarrierImpl.scala:43)
	at akka.transactor.Coordinated.atomic(Coordinated.scala:141)
	at akka.transactor.Coordinated.atomic(Coordinated.scala:157)
	at org.example.CompanyActor.onReceive(CompanyActor.java:23)
	... 13 more
company count:9
employee count:141
==============
java.lang.RuntimeException: less than 18
	at org.example.CompanyActor$1.run(CompanyActor.java:27)
	at akka.transactor.Coordinated$$anonfun$atomic$1.apply(Coordinated.scala:157)
	at akka.transactor.Coordinated$$anonfun$atomic$1.apply(Coordinated.scala:157)
	at scala.concurrent.stm.ccstm.CommitBarrierImpl$MemberImpl$$anonfun$atomic$1.apply(CommitBarrierImpl.scala:50)
	at scala.concurrent.stm.ccstm.CommitBarrierImpl$MemberImpl$$anonfun$atomic$1.apply(CommitBarrierImpl.scala:43)
	at scala.concurrent.stm.ccstm.InTxnImpl.runBlock(InTxnImpl.scala:560)
	at scala.concurrent.stm.ccstm.InTxnImpl.topLevelAttempt(InTxnImpl.scala:516)
	at scala.concurrent.stm.ccstm.InTxnImpl.topLevelAtomicImpl(InTxnImpl.scala:387)
	at scala.concurrent.stm.ccstm.InTxnImpl.atomic(InTxnImpl.scala:248)
	at scala.concurrent.stm.ccstm.CCSTMExecutor.apply(CCSTMExecutor.scala:24)
	at scala.concurrent.stm.ccstm.CommitBarrierImpl$MemberImpl.atomic(CommitBarrierImpl.scala:43)
	at akka.transactor.Coordinated.atomic(Coordinated.scala:141)
	at akka.transactor.Coordinated.atomic(Coordinated.scala:157)
	at org.example.CompanyActor.onReceive(CompanyActor.java:23)
	at akka.actor.UntypedActor$$anonfun$receive$1.applyOrElse(UntypedActor.scala:167)
	at akka.actor.Actor$class.aroundReceive$$$capture(Actor.scala:517)
	at akka.actor.Actor$class.aroundReceive(Actor.scala)
	at akka.actor.UntypedActor.aroundReceive(UntypedActor.scala:97)
	at akka.actor.ActorCell.receiveMessage(ActorCell.scala:588)
	at akka.actor.ActorCell.invoke(ActorCell.scala:557)
	at akka.dispatch.Mailbox.processMailbox(Mailbox.scala:258)
	at akka.dispatch.Mailbox.run(Mailbox.scala:225)
	at akka.dispatch.Mailbox.exec(Mailbox.scala:235)
	at akka.dispatch.forkjoin.ForkJoinTask.doExec(ForkJoinTask.java:260)
	at akka.dispatch.forkjoin.ForkJoinPool$WorkQueue.runTask(ForkJoinPool.java:1339)
	at akka.dispatch.forkjoin.ForkJoinPool.runWorker(ForkJoinPool.java:1979)
	at akka.dispatch.forkjoin.ForkJoinWorkerThread.run(ForkJoinWorkerThread.java:107)
akka.transactor.CoordinatedTransactionException: Exception in coordinated atomic
	at akka.transactor.Coordinated.atomic(Coordinated.scala:144)
	at akka.transactor.Coordinated.atomic(Coordinated.scala:157)
	at org.example.EmployeeActor.onReceive(EmployeeActor.java:22)
	at akka.actor.UntypedActor$$anonfun$receive$1.applyOrElse(UntypedActor.scala:167)
	at akka.actor.Actor$class.aroundReceive$$$capture(Actor.scala:517)
	at akka.actor.Actor$class.aroundReceive(Actor.scala)
	at akka.actor.UntypedActor.aroundReceive(UntypedActor.scala:97)
	at akka.actor.ActorCell.receiveMessage(ActorCell.scala:588)
	at akka.actor.ActorCell.invoke(ActorCell.scala:557)
	at akka.dispatch.Mailbox.processMailbox(Mailbox.scala:258)
	at akka.dispatch.Mailbox.run(Mailbox.scala:225)
	at akka.dispatch.Mailbox.exec(Mailbox.scala:235)
	at akka.dispatch.forkjoin.ForkJoinTask.doExec(ForkJoinTask.java:260)
	at akka.dispatch.forkjoin.ForkJoinPool$WorkQueue.runTask(ForkJoinPool.java:1339)
	at akka.dispatch.forkjoin.ForkJoinPool.runWorker(ForkJoinPool.java:1979)
	at akka.dispatch.forkjoin.ForkJoinWorkerThread.run(ForkJoinWorkerThread.java:107)
Caused by: java.lang.RuntimeException: less than 18
	at org.example.CompanyActor$1.run(CompanyActor.java:27)
	at akka.transactor.Coordinated$$anonfun$atomic$1.apply(Coordinated.scala:157)
	at akka.transactor.Coordinated$$anonfun$atomic$1.apply(Coordinated.scala:157)
	at scala.concurrent.stm.ccstm.CommitBarrierImpl$MemberImpl$$anonfun$atomic$1.apply(CommitBarrierImpl.scala:50)
	at scala.concurrent.stm.ccstm.CommitBarrierImpl$MemberImpl$$anonfun$atomic$1.apply(CommitBarrierImpl.scala:43)
	at scala.concurrent.stm.ccstm.InTxnImpl.runBlock(InTxnImpl.scala:560)
	at scala.concurrent.stm.ccstm.InTxnImpl.topLevelAttempt(InTxnImpl.scala:516)
	at scala.concurrent.stm.ccstm.InTxnImpl.topLevelAtomicImpl(InTxnImpl.scala:387)
	at scala.concurrent.stm.ccstm.InTxnImpl.atomic(InTxnImpl.scala:248)
	at scala.concurrent.stm.ccstm.CCSTMExecutor.apply(CCSTMExecutor.scala:24)
	at scala.concurrent.stm.ccstm.CommitBarrierImpl$MemberImpl.atomic(CommitBarrierImpl.scala:43)
	at akka.transactor.Coordinated.atomic(Coordinated.scala:141)
	at akka.transactor.Coordinated.atomic(Coordinated.scala:157)
	at org.example.CompanyActor.onReceive(CompanyActor.java:23)
	... 13 more
company count:9
employee count:141
==============
java.lang.RuntimeException: less than 19
	at org.example.CompanyActor$1.run(CompanyActor.java:27)
	at akka.transactor.Coordinated$$anonfun$atomic$1.apply(Coordinated.scala:157)
	at akka.transactor.Coordinated$$anonfun$atomic$1.apply(Coordinated.scala:157)
	at scala.concurrent.stm.ccstm.CommitBarrierImpl$MemberImpl$$anonfun$atomic$1.apply(CommitBarrierImpl.scala:50)
	at scala.concurrent.stm.ccstm.CommitBarrierImpl$MemberImpl$$anonfun$atomic$1.apply(CommitBarrierImpl.scala:43)
	at scala.concurrent.stm.ccstm.InTxnImpl.runBlock(InTxnImpl.scala:560)
	at scala.concurrent.stm.ccstm.InTxnImpl.topLevelAttempt(InTxnImpl.scala:516)
	at scala.concurrent.stm.ccstm.InTxnImpl.topLevelAtomicImpl(InTxnImpl.scala:387)
	at scala.concurrent.stm.ccstm.InTxnImpl.atomic(InTxnImpl.scala:248)
	at scala.concurrent.stm.ccstm.CCSTMExecutor.apply(CCSTMExecutor.scala:24)
	at scala.concurrent.stm.ccstm.CommitBarrierImpl$MemberImpl.atomic(CommitBarrierImpl.scala:43)
	at akka.transactor.Coordinated.atomic(Coordinated.scala:141)
	at akka.transactor.Coordinated.atomic(Coordinated.scala:157)
	at org.example.CompanyActor.onReceive(CompanyActor.java:23)
	at akka.actor.UntypedActor$$anonfun$receive$1.applyOrElse(UntypedActor.scala:167)
	at akka.actor.Actor$class.aroundReceive$$$capture(Actor.scala:517)
	at akka.actor.Actor$class.aroundReceive(Actor.scala)
	at akka.actor.UntypedActor.aroundReceive(UntypedActor.scala:97)
	at akka.actor.ActorCell.receiveMessage(ActorCell.scala:588)
	at akka.actor.ActorCell.invoke(ActorCell.scala:557)
	at akka.dispatch.Mailbox.processMailbox(Mailbox.scala:258)
	at akka.dispatch.Mailbox.run(Mailbox.scala:225)
	at akka.dispatch.Mailbox.exec(Mailbox.scala:235)
	at akka.dispatch.forkjoin.ForkJoinTask.doExec(ForkJoinTask.java:260)
	at akka.dispatch.forkjoin.ForkJoinPool$WorkQueue.runTask(ForkJoinPool.java:1339)
	at akka.dispatch.forkjoin.ForkJoinPool.runWorker(ForkJoinPool.java:1979)
	at akka.dispatch.forkjoin.ForkJoinWorkerThread.run(ForkJoinWorkerThread.java:107)
akka.transactor.CoordinatedTransactionException: Exception in coordinated atomic
	at akka.transactor.Coordinated.atomic(Coordinated.scala:144)
	at akka.transactor.Coordinated.atomic(Coordinated.scala:157)
	at org.example.EmployeeActor.onReceive(EmployeeActor.java:22)
	at akka.actor.UntypedActor$$anonfun$receive$1.applyOrElse(UntypedActor.scala:167)
	at akka.actor.Actor$class.aroundReceive$$$capture(Actor.scala:517)
	at akka.actor.Actor$class.aroundReceive(Actor.scala)
	at akka.actor.UntypedActor.aroundReceive(UntypedActor.scala:97)
	at akka.actor.ActorCell.receiveMessage(ActorCell.scala:588)
	at akka.actor.ActorCell.invoke(ActorCell.scala:557)
	at akka.dispatch.Mailbox.processMailbox(Mailbox.scala:258)
	at akka.dispatch.Mailbox.run(Mailbox.scala:225)
	at akka.dispatch.Mailbox.exec(Mailbox.scala:235)
	at akka.dispatch.forkjoin.ForkJoinTask.doExec(ForkJoinTask.java:260)
	at akka.dispatch.forkjoin.ForkJoinPool$WorkQueue.runTask(ForkJoinPool.java:1339)
	at akka.dispatch.forkjoin.ForkJoinPool.runWorker(ForkJoinPool.java:1979)
	at akka.dispatch.forkjoin.ForkJoinWorkerThread.run(ForkJoinWorkerThread.java:107)
Caused by: java.lang.RuntimeException: less than 19
	at org.example.CompanyActor$1.run(CompanyActor.java:27)
	at akka.transactor.Coordinated$$anonfun$atomic$1.apply(Coordinated.scala:157)
	at akka.transactor.Coordinated$$anonfun$atomic$1.apply(Coordinated.scala:157)
	at scala.concurrent.stm.ccstm.CommitBarrierImpl$MemberImpl$$anonfun$atomic$1.apply(CommitBarrierImpl.scala:50)
	at scala.concurrent.stm.ccstm.CommitBarrierImpl$MemberImpl$$anonfun$atomic$1.apply(CommitBarrierImpl.scala:43)
	at scala.concurrent.stm.ccstm.InTxnImpl.runBlock(InTxnImpl.scala:560)
	at scala.concurrent.stm.ccstm.InTxnImpl.topLevelAttempt(InTxnImpl.scala:516)
	at scala.concurrent.stm.ccstm.InTxnImpl.topLevelAtomicImpl(InTxnImpl.scala:387)
	at scala.concurrent.stm.ccstm.InTxnImpl.atomic(InTxnImpl.scala:248)
	at scala.concurrent.stm.ccstm.CCSTMExecutor.apply(CCSTMExecutor.scala:24)
	at scala.concurrent.stm.ccstm.CommitBarrierImpl$MemberImpl.atomic(CommitBarrierImpl.scala:43)
	at akka.transactor.Coordinated.atomic(Coordinated.scala:141)
	at akka.transactor.Coordinated.atomic(Coordinated.scala:157)
	at org.example.CompanyActor.onReceive(CompanyActor.java:23)
	... 13 more
company count:9
employee count:141
==============
